#
# There is insufficient memory for the Java Runtime Environment to continue.
# Native memory allocation (mmap) failed to map 127926272 bytes for G1 virtual space
# Possible reasons:
#   The system is out of physical RAM or swap space
#   The process is running with CompressedOops enabled, and the Java Heap may be blocking the growth of the native heap
# Possible solutions:
#   Reduce memory load on the system
#   Increase physical memory or swap space
#   Check if swap backing store is full
#   Decrease Java heap size (-Xmx/-Xms)
#   Decrease number of Java threads
#   Decrease Java thread stack sizes (-Xss)
#   Set larger code cache with -XX:ReservedCodeCacheSize=
#   JVM is running with Unscaled Compressed Oops mode in which the Java heap is
#     placed in the first 4GB address space. The Java Heap base address is the
#     maximum limit for the native heap growth. Please use -XX:HeapBaseMinAddress
#     to set the Java Heap base and to place the Java Heap above 4GB virtual address.
# This output file may be truncated or incomplete.
#
#  Out of Memory Error (./open/src/hotspot/os/windows/os_windows.cpp:3321), pid=3968, tid=7508
#
# JRE version:  (15.0.2+7) (build )
# Java VM: Java HotSpot(TM) 64-Bit Server VM (15.0.2+7-27, mixed mode, sharing, tiered, compressed oops, g1 gc, windows-amd64)
# No core dump will be written. Minidumps are not enabled by default on client versions of Windows
#

---------------  S U M M A R Y ------------

Command Line: -ea -Dfile.encoding=Cp1252 -XX:+ShowCodeDetailsInExceptionMessages org.eclipse.jdt.internal.junit.runner.RemoteTestRunner -version 3 -port 62651 -testLoaderClass org.eclipse.jdt.internal.junit4.runner.JUnit4TestLoader -loaderpluginname org.eclipse.jdt.junit4.runtime -classNames najah.acceptancetest

Host: AMD Ryzen 5 2500U with Radeon Vega Mobile Gfx  , 8 cores, 7G,  Windows 10 , 64 bit Build 19041 (10.0.19041.1889)
Time: Mon Oct 17 18:49:01 2022 West Bank Gaza Daylight Time elapsed time: 0.029904 seconds (0d 0h 0m 0s)

---------------  T H R E A D  ---------------

Current thread (0x000002458867e540):  JavaThread "Unknown thread" [_thread_in_vm, id=7508, stack(0x000000c5c0300000,0x000000c5c0400000)]

Stack: [0x000000c5c0300000,0x000000c5c0400000]
Native frames: (J=compiled Java code, j=interpreted, Vv=VM code, C=native code)
V  [jvm.dll+0x62ae9a]
V  [jvm.dll+0x7817a9]
V  [jvm.dll+0x782f03]
V  [jvm.dll+0x783563]
V  [jvm.dll+0x216325]
V  [jvm.dll+0x6281d9]
V  [jvm.dll+0x61cf55]
V  [jvm.dll+0x2cffdd]
V  [jvm.dll+0x2cfe42]
V  [jvm.dll+0x2d5e1c]
V  [jvm.dll+0x32590a]
V  [jvm.dll+0x324fd4]
V  [jvm.dll+0x2a6f5a]
V  [jvm.dll+0x2a80f8]
V  [jvm.dll+0x75e241]
V  [jvm.dll+0x3341c4]
V  [jvm.dll+0x73e926]
V  [jvm.dll+0x3b7557]
V  [jvm.dll+0x3b8fe1]
C  [jli.dll+0x52fb]
C  [ucrtbase.dll+0x21bb2]
C  [KERNEL32.DLL+0x17034]
C  [ntdll.dll+0x526a1]


---------------  P R O C E S S  ---------------

Threads class SMR info:
_java_thread_list=0x00007ffb9ba44ff0, length=0, elements={
}

Java Threads: ( => current thread )

Other Threads:
  0x00000245886bb8c0 GCTaskThread "GC Thread#0" [stack: 0x000000c5c0400000,0x000000c5c0500000] [id=21528]
  0x00000245886cccb0 ConcurrentGCThread "G1 Main Marker" [stack: 0x000000c5c0500000,0x000000c5c0600000] [id=1632]
  0x00000245886ce040 ConcurrentGCThread "G1 Conc#0" [stack: 0x000000c5c0600000,0x000000c5c0700000] [id=7224]

[error occurred during error reporting (printing all threads), id 0xc0000005, EXCEPTION_ACCESS_VIOLATION (0xc0000005) at pc=0x00007ffb9b237e27]

VM state: not at safepoint (not fully initialized)

VM Mutex/Monitor currently owned by a thread:  ([mutex/lock_event])
[0x0000024588678810] Heap_lock - owner thread: 0x000002458867e540

Heap address: 0x0000000087200000, size: 1934 MB, Compressed Oops mode: 32-bit
CDS archive(s) mapped at: [0x0000000000000000-0x0000000000000000-0x0000000000000000), size 0, SharedBaseAddress: 0x0000000800000000, ArchiveRelocationMode: 0.
Narrow klass base: 0x0000000000000000, Narrow klass shift: 0, Narrow klass range: 0x0

Heap:
 garbage-first heap   total 124928K, used 0K [0x0000000087200000, 0x0000000100000000)
  region size 1024K, 0 young (0K), 0 survivors (0K)
 Metaspace       used 0K, capacity 0K, committed 0K, reserved 0K
  class space    used 0K, capacity 0K, committed 0K, reserved 0K

Heap Regions: E=young(eden), S=young(survivor), O=old, HS=humongous(starts), HC=humongous(continues), CS=collection set, F=free, OA=open archive, CA=closed archive, TAMS=top-at-mark-start (previous, next)

Card table byte_map: [0x000002459ffb0000,0x00000245a0380000] _byte_map_base: 0x000002459fb77000

Marking Bits (Prev, Next): (CMBitMap*) 0x00000245886bc0b0, (CMBitMap*) 0x00000245886bc0f0
 Prev Bits: [0x00000245a0750000, 0x00000245a2588000)
 Next Bits: [0x00000245a2590000, 0x00000245a43c8000)

GC Heap History (0 events):
No events

Deoptimization events (0 events):
No events

Classes unloaded (0 events):
No events

Classes redefined (0 events):
No events

Internal exceptions (0 events):
No events

Events (1 events):
Event: 0.019 Loaded shared library C:\Program Files\Java\jdk-15.0.2\bin\java.dll


Dynamic libraries:
0x00007ff77ece0000 - 0x00007ff77ecef000 	C:\Program Files\Java\jdk-15.0.2\bin\javaw.exe
0x00007ffc3a130000 - 0x00007ffc3a328000 	C:\WINDOWS\SYSTEM32\ntdll.dll
0x00007ffc0b2a0000 - 0x00007ffc0b2b7000 	C:\Program Files\Avast Software\Avast\aswhook.dll
0x00007ffc38730000 - 0x00007ffc387ed000 	C:\WINDOWS\System32\KERNEL32.DLL
0x00007ffc37a00000 - 0x00007ffc37cce000 	C:\WINDOWS\System32\KERNELBASE.dll
0x00007ffc38020000 - 0x00007ffc38120000 	C:\WINDOWS\System32\ucrtbase.dll
0x00007ffc22e30000 - 0x00007ffc22e49000 	C:\Program Files\Java\jdk-15.0.2\bin\VCRUNTIME140.dll
0x00007ffc22c70000 - 0x00007ffc22c88000 	C:\Program Files\Java\jdk-15.0.2\bin\jli.dll
0x00007ffc39f90000 - 0x00007ffc3a03e000 	C:\WINDOWS\System32\ADVAPI32.dll
0x00007ffc39ef0000 - 0x00007ffc39f8e000 	C:\WINDOWS\System32\msvcrt.dll
0x00007ffc38190000 - 0x00007ffc3822c000 	C:\WINDOWS\System32\sechost.dll
0x00007ffc39b60000 - 0x00007ffc39c85000 	C:\WINDOWS\System32\RPCRT4.dll
0x00007ffc38590000 - 0x00007ffc38730000 	C:\WINDOWS\System32\USER32.dll
0x00007ffc37fc0000 - 0x00007ffc37fe2000 	C:\WINDOWS\System32\win32u.dll
0x00007ffc28810000 - 0x00007ffc28aaa000 	C:\WINDOWS\WinSxS\amd64_microsoft.windows.common-controls_6595b64144ccf1df_6.0.19041.1110_none_60b5254171f9507e\COMCTL32.dll
0x00007ffc39ca0000 - 0x00007ffc39cca000 	C:\WINDOWS\System32\GDI32.dll
0x00007ffc378f0000 - 0x00007ffc379fb000 	C:\WINDOWS\System32\gdi32full.dll
0x00007ffc37850000 - 0x00007ffc378ed000 	C:\WINDOWS\System32\msvcp_win.dll
0x00007ffc2e9d0000 - 0x00007ffc2e9da000 	C:\WINDOWS\SYSTEM32\VERSION.dll
0x00007ffc39520000 - 0x00007ffc39550000 	C:\WINDOWS\System32\IMM32.DLL
0x00007ffc25010000 - 0x00007ffc2501c000 	C:\Program Files\Java\jdk-15.0.2\bin\vcruntime140_1.dll
0x00007ffbf0020000 - 0x00007ffbf00b1000 	C:\Program Files\Java\jdk-15.0.2\bin\msvcp140.dll
0x00007ffb9af80000 - 0x00007ffb9bade000 	C:\Program Files\Java\jdk-15.0.2\bin\server\jvm.dll
0x00007ffc39c90000 - 0x00007ffc39c98000 	C:\WINDOWS\System32\PSAPI.DLL
0x00007ffc27ac0000 - 0x00007ffc27ac9000 	C:\WINDOWS\SYSTEM32\WSOCK32.dll
0x00007ffc2e950000 - 0x00007ffc2e977000 	C:\WINDOWS\SYSTEM32\WINMM.dll
0x00007ffc39620000 - 0x00007ffc3968b000 	C:\WINDOWS\System32\WS2_32.dll
0x00007ffc36100000 - 0x00007ffc36112000 	C:\WINDOWS\SYSTEM32\kernel.appcore.dll
0x00007ffc330d0000 - 0x00007ffc330da000 	C:\Program Files\Java\jdk-15.0.2\bin\jimage.dll
0x00007ffc35ec0000 - 0x00007ffc360a4000 	C:\WINDOWS\SYSTEM32\DBGHELP.DLL
0x00007ffc2db30000 - 0x00007ffc2db5c000 	C:\WINDOWS\SYSTEM32\dbgcore.DLL
0x00007ffc37dd0000 - 0x00007ffc37e52000 	C:\WINDOWS\System32\bcryptPrimitives.dll
0x00007ffc22f80000 - 0x00007ffc22fa5000 	C:\Program Files\Java\jdk-15.0.2\bin\java.dll

dbghelp: loaded successfully - version: 4.0.5 - missing functions: none
symbol engine: initialized successfully - sym options: 0x614 - pdb path: .;C:\Program Files\Java\jdk-15.0.2\bin;C:\WINDOWS\SYSTEM32;C:\Program Files\Avast Software\Avast;C:\WINDOWS\WinSxS\amd64_microsoft.windows.common-controls_6595b64144ccf1df_6.0.19041.1110_none_60b5254171f9507e;C:\Program Files\Java\jdk-15.0.2\bin\server

VM Arguments:
jvm_args: -ea -Dfile.encoding=Cp1252 -XX:+ShowCodeDetailsInExceptionMessages 
java_command: org.eclipse.jdt.internal.junit.runner.RemoteTestRunner -version 3 -port 62651 -testLoaderClass org.eclipse.jdt.internal.junit4.runner.JUnit4TestLoader -loaderpluginname org.eclipse.jdt.junit4.runtime -classNames najah.acceptancetest
java_class_path (initial): C:\Users\97056\git\software2022\fall2023project\target\test-classes;C:\Users\97056\git\software2022\fall2023project\target\classes;C:\Users\97056\.p2\pool\plugins\org.junit_4.13.0.v20200204-1500.jar;C:\Users\97056\.p2\pool\plugins\org.hamcrest.core_1.3.0.v20180420-1519.jar;C:\Users\97056\.m2\repository\junit\junit\4.13.1\junit-4.13.1.jar;C:\Users\97056\.m2\repository\org\hamcrest\hamcrest-core\1.3\hamcrest-core-1.3.jar;C:\Users\97056\.m2\repository\io\cucumber\cucumber-java\7.2.3\cucumber-java-7.2.3.jar;C:\Users\97056\.m2\repository\org\apiguardian\apiguardian-api\1.1.2\apiguardian-api-1.1.2.jar;C:\Users\97056\.m2\repository\io\cucumber\cucumber-core\7.2.3\cucumber-core-7.2.3.jar;C:\Users\97056\.m2\repository\io\cucumber\cucumber-gherkin\7.2.3\cucumber-gherkin-7.2.3.jar;C:\Users\97056\.m2\repository\io\cucumber\cucumber-gherkin-messages\7.2.3\cucumber-gherkin-messages-7.2.3.jar;C:\Users\97056\.m2\repository\io\cucumber\messages\17.1.1\messages-17.1.1.jar;C:\Users\97056\.m2\repository\io\cucumber\tag-expressions\4.1.0\tag-expressions-4.1.0.jar;C:\Users\97056\.m2\repository\io\cucumber\cucumber-expressions\15.0.1\cucumber-expressions-15.0.1.jar;C:\Users\97056\.m2\repository\io\cucumber\datatable\7.2.3\datatable-7.2.3.jar;C:\Users\97056\.m2\repository\io\cucumber\cucumber-plugin\7.2.3\cucumber-plugin-7.2.3.jar;C:\Users\97056\.m2\repository\io\cucumber\docstring\7.2.3\docstring-7.2.3.jar;C:\Users\97056\.m2\repository\io\cucumber\html-formatter\17.0.0\html-formatter-17.0.0.jar;C:\Users\97056\.m2\repository\io\cucumber\ci-environment\8.1.0\ci-environment-8.1.0.jar;C:\Users\97056\.m2\repository\io\cucumber\cucumber-junit\7.2.3\cucumber-junit-7.2.3.jar;C:\Users\97056\.m2\repository\io\cucumber\cucumber-picocontainer\7.2.3\cucumber-picocontainer-7.2.3.jar;C:\Users\97056\.m2\repository\org\picocontainer\picocontainer\2.15\picocontainer-2.15.jar;C:\Users\97056\eclipse\java-2020-123\eclipse\configuration\org.eclipse.osgi\218\0\.cp;C:\Users\97056\ecl
Launcher Type: SUN_STANDARD

[Global flags]
     intx CICompilerCount                          = 4                                         {product} {ergonomic}
     uint ConcGCThreads                            = 2                                         {product} {ergonomic}
     uint G1ConcRefinementThreads                  = 8                                         {product} {ergonomic}
   size_t G1HeapRegionSize                         = 1048576                                   {product} {ergonomic}
    uintx GCDrainStackTargetSize                   = 64                                        {product} {ergonomic}
   size_t InitialHeapSize                          = 127926272                                 {product} {ergonomic}
   size_t MarkStackSize                            = 4194304                                   {product} {ergonomic}
   size_t MaxHeapSize                              = 2027945984                                {product} {ergonomic}
   size_t MinHeapDeltaBytes                        = 1048576                                   {product} {ergonomic}
   size_t MinHeapSize                              = 8388608                                   {product} {ergonomic}
    uintx NonNMethodCodeHeapSize                   = 5839372                                {pd product} {ergonomic}
    uintx NonProfiledCodeHeapSize                  = 122909434                              {pd product} {ergonomic}
    uintx ProfiledCodeHeapSize                     = 122909434                              {pd product} {ergonomic}
    uintx ReservedCodeCacheSize                    = 251658240                              {pd product} {ergonomic}
     bool SegmentedCodeCache                       = true                                      {product} {ergonomic}
     bool ShowCodeDetailsInExceptionMessages       = true                                   {manageable} {command line}
   size_t SoftMaxHeapSize                          = 2027945984                             {manageable} {ergonomic}
     bool UseCompressedClassPointers               = true                                 {lp64_product} {ergonomic}
     bool UseCompressedOops                        = true                                 {lp64_product} {ergonomic}
     bool UseG1GC                                  = true                                      {product} {ergonomic}
     bool UseLargePagesIndividualAllocation        = false                                  {pd product} {ergonomic}

Logging:
Log output configuration:
 #0: stdout all=warning uptime,level,tags
 #1: stderr all=off uptime,level,tags

Environment Variables:
PATH=C:/Program Files/Java/jdk-15.0.2/bin/server;C:/Program Files/Java/jdk-15.0.2/bin;C:\Users\97056\Downloads\WINDOWS.X64_193000_db_home\bin;C:\Program Files\Common Files\Oracle\Java\javapath;C:\Program Files (x86)\Common Files\Oracle\Java\javapath;C:\WINDOWS\system32;C:\WINDOWS;C:\WINDOWS\System32\Wbem;C:\WINDOWS\System32\WindowsPowerShell\v1.0\;C:\WINDOWS\System32\OpenSSH\;C:\Program Files\Microsoft SQL Server\130\Tools\Binn\;C:\Program Files\Microsoft SQL Server\Client SDK\ODBC\170\Tools\Binn\;C:\Program Files\Java\jdk-15.0.2\bin;C:\Program Files (x86)\IVI Foundation\VISA\WinNT\Bin\;C:\Program Files\IVI Foundation\VISA\Win64\Bin\;C:\Program Files (x86)\National Instruments\Shared\LabVIEW CLI;C:\Program Files (x86)\IVI Foundation\VISA\WinNT\Bin;C:\Program Files\CMake\bin;C:\Program Files\Git\cmd;C:\Program Files\Java\jdk-14.0.2\bin;C:\opencv\opencv\build\x64\vc14\bin;C:\opencv\opencv\build\x64\vc15\bin;C:\Program Files\Java\jdk-15.0.2\bin;C:\Program Files\JetBrains\PhpStorm 2021.3.1\bin;;C:\Program Files\Java\jdk-18.0.1.1\bin;C:\Program Files\Java\jre1.8.0_311\bin;;C:\Users\97056\Desktop;
USERNAME=97056
OS=Windows_NT
PROCESSOR_IDENTIFIER=AMD64 Family 23 Model 17 Stepping 0, AuthenticAMD



---------------  S Y S T E M  ---------------

OS:
 Windows 10 , 64 bit Build 19041 (10.0.19041.1889)
OS uptime: 0 days 9:17 hours

CPU: total 8 (initial active 8) (8 cores per cpu, 2 threads per core) family 23 model 17 stepping 0 microcode 0x0, cmov, cx8, fxsr, mmx, sse, sse2, sse3, ssse3, sse4.1, sse4.2, popcnt, vzeroupper, avx, avx2, aes, clmul, 3dnowpref, lzcnt, sse4a, ht, tsc, tscinvbit, tscinv, bmi1, bmi2, adx, sha, fma, clflush, clflushopt

Memory: 4k page, system-wide physical 7734M (1107M free)
TotalPageFile size 12591M (AvailPageFile size 78M)
current process WorkingSet (physical memory assigned to process): 10M, peak: 10M
current process commit charge ("private bytes"): 60M, peak: 182M

vm_info: Java HotSpot(TM) 64-Bit Server VM (15.0.2+7-27) for windows-amd64 JRE (15.0.2+7-27), built on Dec  7 2020 20:07:01 by "mach5one" with unknown MS VC++:1925

END.
